0 verbose cli /usr/local/bin/node /usr/local/bin/npm
1 info using npm@11.8.0
2 info using node@v24.13.1
3 silly config load:file:/usr/local/lib/node_modules/npm/npmrc
4 warn Unknown env config "devdir". This will stop working in the next major version of npm.
5 silly config load:file:/Users/leahlee/Desktop/Study/side project/vibe projects/saju/.npmrc
6 silly config load:file:/Users/leahlee/Desktop/Study/side project/vibe projects/saju/.home/.npmrc
7 silly config load:file:/usr/local/etc/npmrc
8 verbose title npm create next-app@latest web --ts --tailwind --eslint --app --src-dir --import-alias @/*
9 verbose argv "create" "next-app@latest" "web" "--" "--ts" "--tailwind" "--eslint" "--app" "--src-dir" "--import-alias" "@/*"
10 verbose logfile logs-max:10 dir:/Users/leahlee/Desktop/Study/side project/vibe projects/saju/.npm-cache/_logs/2026-04-30T20_01_26_333Z-
11 verbose logfile /Users/leahlee/Desktop/Study/side project/vibe projects/saju/.npm-cache/_logs/2026-04-30T20_01_26_333Z-debug-0.log
12 silly logfile done cleaning log files
13 silly packumentCache heap:4496293888 maxSize:1124073472 maxEntrySize:562036736
14 http fetch GET 200 https://registry.npmjs.org/create-next-app 206ms (cache revalidated)
15 silly packumentCache heap:4496293888 maxSize:1124073472 maxEntrySize:562036736
16 verbose stack Error: command failed
16 verbose stack     at promiseSpawn (/usr/local/lib/node_modules/npm/node_modules/@npmcli/promise-spawn/lib/index.js:22:22)
16 verbose stack     at spawnWithShell (/usr/local/lib/node_modules/npm/node_modules/@npmcli/promise-spawn/lib/index.js:124:10)
16 verbose stack     at promiseSpawn (/usr/local/lib/node_modules/npm/node_modules/@npmcli/promise-spawn/lib/index.js:12:12)
16 verbose stack     at runScriptPkg (/usr/local/lib/node_modules/npm/node_modules/@npmcli/run-script/lib/run-script-pkg.js:79:13)
16 verbose stack     at runScript (/usr/local/lib/node_modules/npm/node_modules/@npmcli/run-script/lib/run-script.js:9:12)
16 verbose stack     at run (/usr/local/lib/node_modules/npm/node_modules/libnpmexec/lib/run-script.js:60:10)
16 verbose stack     at async exec (/usr/local/lib/node_modules/npm/node_modules/libnpmexec/lib/index.js:307:10)
16 verbose stack     at async Init.execCreate (/usr/local/lib/node_modules/npm/lib/commands/init.js:143:5)
16 verbose stack     at async Init.exec (/usr/local/lib/node_modules/npm/lib/commands/init.js:46:14)
16 verbose stack     at async Npm.exec (/usr/local/lib/node_modules/npm/lib/npm.js:208:9)
17 error code 1
18 error path /Users/leahlee/Desktop/Study/side project/vibe projects/saju
19 error command failed
20 error command sh -c "create-next-app" web --ts --tailwind --eslint --app --src-dir --import-alias '@/*'
21 verbose cwd /Users/leahlee/Desktop/Study/side project/vibe projects/saju
22 verbose os Darwin 25.3.0
23 verbose node v24.13.1
24 verbose npm  v11.8.0
25 verbose exit 1
26 verbose code 1
27 error A complete log of this run can be found in: /Users/leahlee/Desktop/Study/side project/vibe projects/saju/.npm-cache/_logs/2026-04-30T20_01_26_333Z-debug-0.log
