0 verbose cli /usr/local/bin/node /usr/local/bin/npm
1 info using npm@11.8.0
2 info using node@v24.13.1
3 silly config load:file:/usr/local/lib/node_modules/npm/npmrc
4 warn Unknown env config "devdir". This will stop working in the next major version of npm.
5 silly config load:file:/Users/leahlee/Desktop/Study/side project/vibe projects/saju/.npmrc
6 silly config load:file:/Users/leahlee/Desktop/Study/side project/vibe projects/saju/.home/.npmrc
7 silly config load:file:/usr/local/etc/npmrc
8 verbose title npm create next-app@latest web --ts --tailwind --eslint --app --src-dir --import-alias @/*
9 verbose argv "create" "next-app@latest" "web" "--" "--ts" "--tailwind" "--eslint" "--app" "--src-dir" "--import-alias" "@/*"
10 verbose logfile logs-max:10 dir:/Users/leahlee/Desktop/Study/side project/vibe projects/saju/.npm-cache/_logs/2026-04-30T20_03_05_563Z-
11 verbose logfile /Users/leahlee/Desktop/Study/side project/vibe projects/saju/.npm-cache/_logs/2026-04-30T20_03_05_563Z-debug-0.log
12 silly logfile done cleaning log files
13 silly packumentCache heap:4496293888 maxSize:1124073472 maxEntrySize:562036736
14 http fetch GET 200 https://registry.npmjs.org/create-next-app 269ms (cache revalidated)
15 silly packumentCache heap:4496293888 maxSize:1124073472 maxEntrySize:562036736
16 verbose shrinkwrap failed to load node_modules/.package-lock.json out of date, updated: node_modules
17 warn exec The following package was not found and will be installed: create-next-app@16.2.4
18 silly idealTree buildDeps
19 silly fetch manifest create-next-app@16.2.4
20 silly packumentCache full:https://registry.npmjs.org/create-next-app cache-miss
21 http cache https://registry.npmjs.org/create-next-app 52ms (cache hit)
22 silly packumentCache full:https://registry.npmjs.org/create-next-app set size:9716413 disposed:false
23 silly placeDep ROOT create-next-app@16.2.4 REPLACE for:  want: 16.2.4
24 silly reify mark retired [
24 silly reify   '/Users/leahlee/Desktop/Study/side project/vibe projects/saju/.npm-cache/_npx/cc2145a2fe1558fa/node_modules/create-next-app',
24 silly reify   '/Users/leahlee/Desktop/Study/side project/vibe projects/saju/.npm-cache/_npx/cc2145a2fe1558fa/node_modules/.bin/create-next-app'
24 silly reify ]
25 silly reify moves {
25 silly reify   '/Users/leahlee/Desktop/Study/side project/vibe projects/saju/.npm-cache/_npx/cc2145a2fe1558fa/node_modules/create-next-app': '/Users/leahlee/Desktop/Study/side project/vibe projects/saju/.npm-cache/_npx/cc2145a2fe1558fa/node_modules/.create-next-app-Zw32f1sT',
25 silly reify   '/Users/leahlee/Desktop/Study/side project/vibe projects/saju/.npm-cache/_npx/cc2145a2fe1558fa/node_modules/.bin/create-next-app': '/Users/leahlee/Desktop/Study/side project/vibe projects/saju/.npm-cache/_npx/cc2145a2fe1558fa/node_modules/.bin/.create-next-app-s3TaHUZR'
25 silly reify }
26 silly audit bulk request { 'create-next-app': [ '16.2.4' ] }
27 http cache create-next-app@https://registry.npmjs.org/create-next-app/-/create-next-app-16.2.4.tgz 0ms (cache hit)
28 http fetch POST 200 https://registry.npmjs.org/-/npm/v1/security/advisories/bulk 138ms
29 silly audit report {}
30 verbose cwd /Users/leahlee/Desktop/Study/side project/vibe projects/saju
31 verbose os Darwin 25.3.0
32 verbose node v24.13.1
33 verbose npm  v11.8.0
34 verbose exit 0
35 info ok
