0 verbose cli /usr/local/bin/node /usr/local/bin/npm
1 info using npm@11.8.0
2 info using node@v24.13.1
3 silly config load:file:/usr/local/lib/node_modules/npm/npmrc
4 warn Unknown env config "devdir". This will stop working in the next major version of npm.
5 silly config load:file:/Users/leahlee/Desktop/Study/side project/vibe projects/saju/.npmrc
6 silly config load:file:/Users/leahlee/Desktop/Study/side project/vibe projects/saju/.home/.npmrc
7 silly config load:file:/usr/local/etc/npmrc
8 verbose title npm create next-app@latest . --ts --tailwind --eslint --app --src-dir --import-alias @/*
9 verbose argv "create" "next-app@latest" "." "--" "--ts" "--tailwind" "--eslint" "--app" "--src-dir" "--import-alias" "@/*"
10 verbose logfile logs-max:10 dir:/Users/leahlee/Desktop/Study/side project/vibe projects/saju/.npm-cache/_logs/2026-04-30T20_01_15_894Z-
11 verbose logfile /Users/leahlee/Desktop/Study/side project/vibe projects/saju/.npm-cache/_logs/2026-04-30T20_01_15_894Z-debug-0.log
12 silly logfile done cleaning log files
13 silly packumentCache heap:4496293888 maxSize:1124073472 maxEntrySize:562036736
14 http fetch GET 200 https://registry.npmjs.org/npm 447ms
15 http fetch GET 200 https://registry.npmjs.org/create-next-app 521ms (cache miss)
16 silly packumentCache heap:4496293888 maxSize:1124073472 maxEntrySize:562036736
17 warn exec The following package was not found and will be installed: create-next-app@16.2.4
18 silly idealTree buildDeps
19 silly fetch manifest create-next-app@16.2.4
20 silly packumentCache full:https://registry.npmjs.org/create-next-app cache-miss
21 http fetch GET 200 https://registry.npmjs.org/create-next-app 340ms (cache miss)
22 silly packumentCache full:https://registry.npmjs.org/create-next-app set size:undefined disposed:false
23 silly placeDep ROOT create-next-app@16.2.4 OK for:  want: 16.2.4
24 silly reify moves {}
25 silly audit bulk request { 'create-next-app': [ '16.2.4' ] }
26 http cache create-next-app@https://registry.npmjs.org/create-next-app/-/create-next-app-16.2.4.tgz 0ms (cache hit)
27 silly tarball no local data for create-next-app@https://registry.npmjs.org/create-next-app/-/create-next-app-16.2.4.tgz. Extracting by manifest.
28 http fetch POST 200 https://registry.npmjs.org/-/npm/v1/security/advisories/bulk 237ms
29 silly audit report {}
30 http fetch GET 200 https://registry.npmjs.org/create-next-app/-/create-next-app-16.2.4.tgz 494ms (cache miss)
31 verbose stack Error: command failed
31 verbose stack     at promiseSpawn (/usr/local/lib/node_modules/npm/node_modules/@npmcli/promise-spawn/lib/index.js:22:22)
31 verbose stack     at spawnWithShell (/usr/local/lib/node_modules/npm/node_modules/@npmcli/promise-spawn/lib/index.js:124:10)
31 verbose stack     at promiseSpawn (/usr/local/lib/node_modules/npm/node_modules/@npmcli/promise-spawn/lib/index.js:12:12)
31 verbose stack     at runScriptPkg (/usr/local/lib/node_modules/npm/node_modules/@npmcli/run-script/lib/run-script-pkg.js:79:13)
31 verbose stack     at runScript (/usr/local/lib/node_modules/npm/node_modules/@npmcli/run-script/lib/run-script.js:9:12)
31 verbose stack     at run (/usr/local/lib/node_modules/npm/node_modules/libnpmexec/lib/run-script.js:60:10)
31 verbose stack     at async exec (/usr/local/lib/node_modules/npm/node_modules/libnpmexec/lib/index.js:307:10)
31 verbose stack     at async Init.execCreate (/usr/local/lib/node_modules/npm/lib/commands/init.js:143:5)
31 verbose stack     at async Init.exec (/usr/local/lib/node_modules/npm/lib/commands/init.js:46:14)
31 verbose stack     at async Npm.exec (/usr/local/lib/node_modules/npm/lib/npm.js:208:9)
32 error code 1
33 error path /Users/leahlee/Desktop/Study/side project/vibe projects/saju
34 error command failed
35 error command sh -c "create-next-app" . --ts --tailwind --eslint --app --src-dir --import-alias '@/*'
36 verbose cwd /Users/leahlee/Desktop/Study/side project/vibe projects/saju
37 verbose os Darwin 25.3.0
38 verbose node v24.13.1
39 verbose npm  v11.8.0
40 notice
40 notice New minor version of npm available! 11.8.0 -> 11.13.0
40 notice Changelog: https://github.com/npm/cli/releases/tag/v11.13.0
40 notice To update run: npm install -g npm@11.13.0
40 notice  { force: true, Symbol(proc-log.meta): true }
41 verbose exit 1
42 verbose code 1
43 error A complete log of this run can be found in: /Users/leahlee/Desktop/Study/side project/vibe projects/saju/.npm-cache/_logs/2026-04-30T20_01_15_894Z-debug-0.log
